app/build/intermediates/manifest_merge_blame_file/debug/manifest-merger-blame-debug-report.txt
1<?xml version="1.0" encoding="utf-8"?>
2<manifest xmlns:android="http://schemas.android.com/apk/res/android"
3    package="com.dw.webtime"
4    android:versionCode="1"
5    android:versionName="1.0" >
6
7    <uses-sdk
8        android:minSdkVersion="27"
8-->src\main\AndroidManifest.xml
9        android:targetSdkVersion="32" />
9-->src\main\AndroidManifest.xml
10
11    <uses-permission android:name="android.permission.INTERNET" />
11-->src\main\AndroidManifest.xml:4:5-67
11-->src\main\AndroidManifest.xml:4:22-64
12
13    <application
13-->src\main\AndroidManifest.xml:5:5-21:19
14        android:allowBackup="true"
14-->src\main\AndroidManifest.xml:6:9-35
15        android:debuggable="true"
16        android:extractNativeLibs="false"
17        android:icon="@drawable/icon"
17-->src\main\AndroidManifest.xml:7:9-38
18        android:label="@string/app_name"
18-->src\main\AndroidManifest.xml:9:9-41
19        android:roundIcon="@drawable/icon_round"
19-->src\main\AndroidManifest.xml:8:9-49
20        android:supportsRtl="true"
20-->src\main\AndroidManifest.xml:10:9-35
21        android:testOnly="true"
22        android:theme="@style/AppTheme.NoTitleBar" >
22-->src\main\AndroidManifest.xml:11:9-51
23        <activity
23-->src\main\AndroidManifest.xml:12:9-20:20
24            android:name="com.dw.webtime.MainActivity"
24-->src\main\AndroidManifest.xml:12:19-47
25            android:configChanges="keyboardHidden|orientation|screenSize"
25-->src\main\AndroidManifest.xml:14:13-74
26            android:exported="true" >
26-->src\main\AndroidManifest.xml:13:13-36
27            <intent-filter>
27-->src\main\AndroidManifest.xml:16:13-19:29
28                <action android:name="android.intent.action.MAIN" />
28-->src\main\AndroidManifest.xml:17:17-69
28-->src\main\AndroidManifest.xml:17:25-66
29
30                <category android:name="android.intent.category.LAUNCHER" />
30-->src\main\AndroidManifest.xml:18:17-77
30-->src\main\AndroidManifest.xml:18:27-74
31            </intent-filter>
32        </activity>
33    </application>
34
35</manifest>